<?xml version="1.0" encoding="UTF-8"?>
<!-- Generated by org.testng.reporters.JUnitReportReporter -->
<testsuite hostname="LAPTOP-8TP6OQIJ" failures="0" tests="1" name="TestCases.verifySignup" time="11.044" errors="0" timestamp="2023-02-09T07:39:26 IST" skipped="0">
  <testcase classname="TestCases.verifySignup" name="signup" time="11.044"/>
  <system-out/>
</testsuite> <!-- TestCases.verifySignup -->
